Arguments: 
  /usr/local/bin/node /usr/local/bin/yarn install pm2

PATH: 
  /Users/tsengyenchi/.rvm/gems/ruby-3.1.0/bin:/Users/tsengyenchi/.rvm/gems/ruby-3.1.0@global/bin:/Users/tsengyenchi/.rvm/rubies/ruby-3.1.0/bin:/Users/tsengyenchi/anaconda3/bin:/Users/tsengyenchi/anaconda3/condabin:/Users/tsengyenchi/.cargo/bin:/usr/local/bin:/System/Cryptexes/App/usr/bin:/usr/bin:/bin:/usr/sbin:/sbin:/Applications/VMware Fusion.app/Contents/Public:/usr/local/go/bin:/Library/Apple/usr/bin:/Users/tsengyenchi/.fzf/bin:/Users/tsengyenchi/.rvm/bin

Yarn version: 
  1.22.4

Node version: 
  18.16.0

Platform: 
  darwin x64

Trace: 
  SyntaxError: /Users/tsengyenchi/victor/nextjs/markdown/package.json: Unexpected token } in JSON at position 182
      at JSON.parse (<anonymous>)
      at /Users/tsengyenchi/.config/yarn/global/node_modules/yarn/lib/cli.js:1625:59
      at Generator.next (<anonymous>)
      at step (/Users/tsengyenchi/.config/yarn/global/node_modules/yarn/lib/cli.js:310:30)
      at /Users/tsengyenchi/.config/yarn/global/node_modules/yarn/lib/cli.js:321:13

npm manifest: 
  {
    "name": "markdown",
    "version": "0.1.0",
    "private": true,
    "scripts": {
      "dev": "next dev",
      "build": "next build && next export",
      "start": "next start -p 8001",
    },
    "dependencies": {
      "gray-matter": "^4.0.3",
      "marked": "^5.1.0",
      "next": "13.4.4",
      "react": "18.2.0",
      "react-dom": "18.2.0"
    }
  }

yarn manifest: 
  No manifest

Lockfile: 
  # THIS IS AN AUTOGENERATED FILE. DO NOT EDIT THIS FILE DIRECTLY.
  # yarn lockfile v1
  
  
  "@next/env@13.4.4":
    version "13.4.4"
    resolved "https://registry.npmjs.org/@next/env/-/env-13.4.4.tgz"
    integrity sha512-q/y7VZj/9YpgzDe64Zi6rY1xPizx80JjlU2BTevlajtaE3w1LqweH1gGgxou2N7hdFosXHjGrI4OUvtFXXhGLg==
  
  "@next/swc-darwin-x64@13.4.4":
    version "13.4.4"
    resolved "https://registry.npmjs.org/@next/swc-darwin-x64/-/swc-darwin-x64-13.4.4.tgz"
    integrity sha512-ZY9Ti1hkIwJsxGus3nlubIkvYyB0gNOYxKrfsOrLEqD0I2iCX8D7w8v6QQZ2H+dDl6UT29oeEUdDUNGk4UEpfg==
  
  "@swc/helpers@0.5.1":
    version "0.5.1"
    resolved "https://registry.npmjs.org/@swc/helpers/-/helpers-0.5.1.tgz"
    integrity sha512-sJ902EfIzn1Fa+qYmjdQqh8tPsoxyBz+8yBKC2HKUxyezKJFwPGOn7pv4WY6QuQW//ySQi5lJjA/ZT9sNWWNTg==
    dependencies:
      tslib "^2.4.0"
  
  argparse@^1.0.7:
    version "1.0.10"
    resolved "https://registry.npmjs.org/argparse/-/argparse-1.0.10.tgz"
    integrity sha512-o5Roy6tNG4SL/FOkCAN6RzjiakZS25RLYFrcMttJqbdd8BWrnA+fGz57iN5Pb06pvBGvl5gQ0B48dJlslXvoTg==
    dependencies:
      sprintf-js "~1.0.2"
  
  busboy@1.6.0:
    version "1.6.0"
    resolved "https://registry.npmjs.org/busboy/-/busboy-1.6.0.tgz"
    integrity sha512-8SFQbg/0hQ9xy3UNTB0YEnsNBbWfhf7RtnzpL7TkBiTBRfrQ9Fxcnz7VJsleJpyp6rVLvXiuORqjlHi5q+PYuA==
    dependencies:
      streamsearch "^1.1.0"
  
  caniuse-lite@^1.0.30001406:
    version "1.0.30001498"
    resolved "https://registry.npmjs.org/caniuse-lite/-/caniuse-lite-1.0.30001498.tgz"
    integrity sha512-LFInN2zAwx3ANrGCDZ5AKKJroHqNKyjXitdV5zRIVIaQlXKj3GmxUKagoKsjqUfckpAObPCEWnk5EeMlyMWcgw==
  
  client-only@0.0.1:
    version "0.0.1"
    resolved "https://registry.npmjs.org/client-only/-/client-only-0.0.1.tgz"
    integrity sha512-IV3Ou0jSMzZrd3pZ48nLkT9DA7Ag1pnPzaiQhpW7c3RbcqqzvzzVu+L8gfqMp/8IM2MQtSiqaCxrrcfu8I8rMA==
  
  esprima@^4.0.0:
    version "4.0.1"
    resolved "https://registry.npmjs.org/esprima/-/esprima-4.0.1.tgz"
    integrity sha512-eGuFFw7Upda+g4p+QHvnW0RyTX/SVeJBDM/gCtMARO0cLuT2HcEKnTPvhjV6aGeqrCB/sbNop0Kszm0jsaWU4A==
  
  extend-shallow@^2.0.1:
    version "2.0.1"
    resolved "https://registry.npmjs.org/extend-shallow/-/extend-shallow-2.0.1.tgz"
    integrity sha512-zCnTtlxNoAiDc3gqY2aYAWFx7XWWiasuF2K8Me5WbN8otHKTUKBwjPtNpRs/rbUZm7KxWAaNj7P1a/p52GbVug==
    dependencies:
      is-extendable "^0.1.0"
  
  gray-matter@^4.0.3:
    version "4.0.3"
    resolved "https://registry.npmjs.org/gray-matter/-/gray-matter-4.0.3.tgz"
    integrity sha512-5v6yZd4JK3eMI3FqqCouswVqwugaA9r4dNZB1wwcmrD02QkV5H0y7XBQW8QwQqEaZY1pM9aqORSORhJRdNK44Q==
    dependencies:
      js-yaml "^3.13.1"
      kind-of "^6.0.2"
      section-matter "^1.0.0"
      strip-bom-string "^1.0.0"
  
  is-extendable@^0.1.0:
    version "0.1.1"
    resolved "https://registry.npmjs.org/is-extendable/-/is-extendable-0.1.1.tgz"
    integrity sha512-5BMULNob1vgFX6EjQw5izWDxrecWK9AM72rugNr0TFldMOi0fj6Jk+zeKIt0xGj4cEfQIJth4w3OKWOJ4f+AFw==
  
  "js-tokens@^3.0.0 || ^4.0.0":
    version "4.0.0"
    resolved "https://registry.npmjs.org/js-tokens/-/js-tokens-4.0.0.tgz"
    integrity sha512-RdJUflcE3cUzKiMqQgsCu06FPu9UdIJO0beYbPhHN4k6apgJtifcoCtT9bcxOpYBtpD2kCM6Sbzg4CausW/PKQ==
  
  js-yaml@^3.13.1:
    version "3.14.1"
    resolved "https://registry.npmjs.org/js-yaml/-/js-yaml-3.14.1.tgz"
    integrity sha512-okMH7OXXJ7YrN9Ok3/SXrnu4iX9yOk+25nqX4imS2npuvTYDmo/QEZoqwZkYaIDk3jVvBOTOIEgEhaLOynBS9g==
    dependencies:
      argparse "^1.0.7"
      esprima "^4.0.0"
  
  kind-of@^6.0.0, kind-of@^6.0.2:
    version "6.0.3"
    resolved "https://registry.npmjs.org/kind-of/-/kind-of-6.0.3.tgz"
    integrity sha512-dcS1ul+9tmeD95T+x28/ehLgd9mENa3LsvDTtzm3vyBEO7RPptvAD+t44WVXaUjTBRcrpFeFlC8WCruUR456hw==
  
  loose-envify@^1.1.0:
    version "1.4.0"
    resolved "https://registry.npmjs.org/loose-envify/-/loose-envify-1.4.0.tgz"
    integrity sha512-lyuxPGr/Wfhrlem2CL/UcnUc1zcqKAImBDzukY7Y5F/yQiNdko6+fRLevlw1HgMySw7f611UIY408EtxRSoK3Q==
    dependencies:
      js-tokens "^3.0.0 || ^4.0.0"
  
  marked@^5.1.0:
    version "5.1.0"
    resolved "https://registry.npmjs.org/marked/-/marked-5.1.0.tgz"
    integrity sha512-z3/nBe7aTI8JDszlYLk7dDVNpngjw0o1ZJtrA9kIfkkHcIF+xH7mO23aISl4WxP83elU+MFROgahqdpd05lMEQ==
  
  nanoid@^3.3.4:
    version "3.3.6"
    resolved "https://registry.npmjs.org/nanoid/-/nanoid-3.3.6.tgz"
    integrity sha512-BGcqMMJuToF7i1rt+2PWSNVnWIkGCU78jBG3RxO/bZlnZPK2Cmi2QaffxGO/2RvWi9sL+FAiRiXMgsyxQ1DIDA==
  
  next@13.4.4:
    version "13.4.4"
    resolved "https://registry.npmjs.org/next/-/next-13.4.4.tgz"
    integrity sha512-C5S0ysM0Ily9McL4Jb48nOQHT1BukOWI59uC3X/xCMlYIh9rJZCv7nzG92J6e1cOBqQbKovlpgvHWFmz4eKKEA==
    dependencies:
      "@next/env" "13.4.4"
      "@swc/helpers" "0.5.1"
      busboy "1.6.0"
      caniuse-lite "^1.0.30001406"
      postcss "8.4.14"
      styled-jsx "5.1.1"
      zod "3.21.4"
    optionalDependencies:
      "@next/swc-darwin-arm64" "13.4.4"
      "@next/swc-darwin-x64" "13.4.4"
      "@next/swc-linux-arm64-gnu" "13.4.4"
      "@next/swc-linux-arm64-musl" "13.4.4"
      "@next/swc-linux-x64-gnu" "13.4.4"
      "@next/swc-linux-x64-musl" "13.4.4"
      "@next/swc-win32-arm64-msvc" "13.4.4"
      "@next/swc-win32-ia32-msvc" "13.4.4"
      "@next/swc-win32-x64-msvc" "13.4.4"
  
  picocolors@^1.0.0:
    version "1.0.0"
    resolved "https://registry.npmjs.org/picocolors/-/picocolors-1.0.0.tgz"
    integrity sha512-1fygroTLlHu66zi26VoTDv8yRgm0Fccecssto+MhsZ0D/DGW2sm8E8AjW7NU5VVTRt5GxbeZ5qBuJr+HyLYkjQ==
  
  postcss@8.4.14:
    version "8.4.14"
    resolved "https://registry.npmjs.org/postcss/-/postcss-8.4.14.tgz"
    integrity sha512-E398TUmfAYFPBSdzgeieK2Y1+1cpdxJx8yXbK/m57nRhKSmk1GB2tO4lbLBtlkfPQTDKfe4Xqv1ASWPpayPEig==
    dependencies:
      nanoid "^3.3.4"
      picocolors "^1.0.0"
      source-map-js "^1.0.2"
  
  react-dom@^18.2.0, react-dom@18.2.0:
    version "18.2.0"
    resolved "https://registry.npmjs.org/react-dom/-/react-dom-18.2.0.tgz"
    integrity sha512-6IMTriUmvsjHUjNtEDudZfuDQUoWXVxKHhlEGSk81n4YFS+r/Kl99wXiwlVXtPBtJenozv2P+hxDsw9eA7Xo6g==
    dependencies:
      loose-envify "^1.1.0"
      scheduler "^0.23.0"
  
  react@^18.2.0, "react@>= 16.8.0 || 17.x.x || ^18.0.0-0", react@18.2.0:
    version "18.2.0"
    resolved "https://registry.npmjs.org/react/-/react-18.2.0.tgz"
    integrity sha512-/3IjMdb2L9QbBdWiW5e3P2/npwMBaU9mHCSCUzNln0ZCYbcfTsGbTJrU/kGemdH2IWmB2ioZ+zkxtmq6g09fGQ==
    dependencies:
      loose-envify "^1.1.0"
  
  scheduler@^0.23.0:
    version "0.23.0"
    resolved "https://registry.npmjs.org/scheduler/-/scheduler-0.23.0.tgz"
    integrity sha512-CtuThmgHNg7zIZWAXi3AsyIzA3n4xx7aNyjwC2VJldO2LMVDhFK+63xGqq6CsJH4rTAt6/M+N4GhZiDYPx9eUw==
    dependencies:
      loose-envify "^1.1.0"
  
  section-matter@^1.0.0:
    version "1.0.0"
    resolved "https://registry.npmjs.org/section-matter/-/section-matter-1.0.0.tgz"
    integrity sha512-vfD3pmTzGpufjScBh50YHKzEu2lxBWhVEHsNGoEXmCmn2hKGfeNLYMzCJpe8cD7gqX7TJluOVpBkAequ6dgMmA==
    dependencies:
      extend-shallow "^2.0.1"
      kind-of "^6.0.0"
  
  source-map-js@^1.0.2:
    version "1.0.2"
    resolved "https://registry.npmjs.org/source-map-js/-/source-map-js-1.0.2.tgz"
    integrity sha512-R0XvVJ9WusLiqTCEiGCmICCMplcCkIwwR11mOSD9CR5u+IXYdiseeEuXCVAjS54zqwkLcPNnmU4OeJ6tUrWhDw==
  
  sprintf-js@~1.0.2:
    version "1.0.3"
    resolved "https://registry.npmjs.org/sprintf-js/-/sprintf-js-1.0.3.tgz"
    integrity sha512-D9cPgkvLlV3t3IzL0D0YLvGA9Ahk4PcvVwUbN0dSGr1aP0Nrt4AEnTUbuGvquEC0mA64Gqt1fzirlRs5ibXx8g==
  
  streamsearch@^1.1.0:
    version "1.1.0"
    resolved "https://registry.npmjs.org/streamsearch/-/streamsearch-1.1.0.tgz"
    integrity sha512-Mcc5wHehp9aXz1ax6bZUyY5afg9u2rv5cqQI3mRrYkGC8rW2hM02jWuwjtL++LS5qinSyhj2QfLyNsuc+VsExg==
  
  strip-bom-string@^1.0.0:
    version "1.0.0"
    resolved "https://registry.npmjs.org/strip-bom-string/-/strip-bom-string-1.0.0.tgz"
    integrity sha512-uCC2VHvQRYu+lMh4My/sFNmF2klFymLX1wHJeXnbEJERpV/ZsVuonzerjfrGpIGF7LBVa1O7i9kjiWvJiFck8g==
  
  styled-jsx@5.1.1:
    version "5.1.1"
    resolved "https://registry.npmjs.org/styled-jsx/-/styled-jsx-5.1.1.tgz"
    integrity sha512-pW7uC1l4mBZ8ugbiZrcIsiIvVx1UmTfw7UkC3Um2tmfUq9Bhk8IiyEIPl6F8agHgjzku6j0xQEZbfA5uSgSaCw==
    dependencies:
      client-only "0.0.1"
  
  tslib@^2.4.0:
    version "2.5.3"
    resolved "https://registry.npmjs.org/tslib/-/tslib-2.5.3.tgz"
    integrity sha512-mSxlJJwl3BMEQCUNnxXBU9jP4JBktcEGhURcPR6VQVlnP0FdDEsIaz0C35dXNGLyRfrATNofF0F5p2KPxQgB+w==
  
  zod@3.21.4:
    version "3.21.4"
    resolved "https://registry.npmjs.org/zod/-/zod-3.21.4.tgz"
    integrity sha512-m46AKbrzKVzOzs/DZgVnG5H55N1sv1M8qZU3A8RIKbs3mrACDNeIOeilDymVb2HdmP8uwshOCF4uJ8uM9rCqJw==
